[20:41:10] [ServerMain/INFO]: Building unoptimized datafixer
[20:41:12] [ServerMain/INFO]: Environment: authHost='https://authserver.mojang.com', accountsHost='https://api.mojang.com', sessionHost='https://sessionserver.mojang.com', servicesHost='https://api.minecraftservices.com', name='PROD'
[20:41:13] [ServerMain/INFO]: Found new data pack file/bukkit, loading it automatically
[20:41:15] [ServerMain/INFO]: Loaded 7 recipes
[20:41:17] [Server thread/INFO]: Starting minecraft server version 1.19.2
[20:41:17] [Server thread/INFO]: Loading properties
[20:41:17] [Server thread/INFO]: This server is running Paper version git-Paper-200 (MC: 1.19.2) (Implementing API version 1.19.2-R0.1-SNAPSHOT) (Git: c389b1c)
[20:41:17] [Server thread/INFO]: Server Ping Player Sample Count: 12
[20:41:17] [Server thread/INFO]: Using 4 threads for Netty based IO
[20:41:17] [Server thread/INFO]: [ChunkTaskScheduler] Chunk system is using 1 I/O threads, 2 worker threads, and gen parallelism of 2 threads
[20:41:17] [Server console handler/ERROR]: [TerminalConsole] Failed to read console input
java.io.IOException: The handle is invalid
	at java.io.FileInputStream.readBytes(Native Method) ~[?:?]
	at java.io.FileInputStream.read(FileInputStream.java:276) ~[?:?]
	at java.io.BufferedInputStream.read1(BufferedInputStream.java:282) ~[?:?]
	at java.io.BufferedInputStream.read(BufferedInputStream.java:343) ~[?:?]
	at sun.nio.cs.StreamDecoder.readBytes(StreamDecoder.java:270) ~[?:?]
	at sun.nio.cs.StreamDecoder.implRead(StreamDecoder.java:313) ~[?:?]
	at sun.nio.cs.StreamDecoder.read(StreamDecoder.java:188) ~[?:?]
	at java.io.InputStreamReader.read(InputStreamReader.java:177) ~[?:?]
	at java.io.BufferedReader.fill(BufferedReader.java:162) ~[?:?]
	at java.io.BufferedReader.readLine(BufferedReader.java:329) ~[?:?]
	at java.io.BufferedReader.readLine(BufferedReader.java:396) ~[?:?]
	at net.minecrell.terminalconsole.SimpleTerminalConsole.readCommands(SimpleTerminalConsole.java:180) ~[terminalconsoleappender-1.3.0.jar:?]
	at net.minecrell.terminalconsole.SimpleTerminalConsole.start(SimpleTerminalConsole.java:143) ~[terminalconsoleappender-1.3.0.jar:?]
	at net.minecraft.server.dedicated.DedicatedServer$1.run(DedicatedServer.java:107) ~[paper-1.19.2.jar:git-Paper-200]
	Suppressed: java.io.IOException: The handle is invalid
		at java.io.FileDescriptor.close0(Native Method) ~[?:?]
		at java.io.FileDescriptor.close(FileDescriptor.java:297) ~[?:?]
		at java.io.FileInputStream$1.close(FileInputStream.java:459) ~[?:?]
		at java.io.FileDescriptor.closeAll(FileDescriptor.java:355) ~[?:?]
		at java.io.FileInputStream.close(FileInputStream.java:457) ~[?:?]
		at java.io.BufferedInputStream.close(BufferedInputStream.java:481) ~[?:?]
		at sun.nio.cs.StreamDecoder.implClose(StreamDecoder.java:366) ~[?:?]
		at sun.nio.cs.StreamDecoder.close(StreamDecoder.java:204) ~[?:?]
		at java.io.InputStreamReader.close(InputStreamReader.java:192) ~[?:?]
		at java.io.BufferedReader.close(BufferedReader.java:525) ~[?:?]
		at net.minecrell.terminalconsole.SimpleTerminalConsole.readCommands(SimpleTerminalConsole.java:183) ~[terminalconsoleappender-1.3.0.jar:?]
		at net.minecrell.terminalconsole.SimpleTerminalConsole.start(SimpleTerminalConsole.java:143) ~[terminalconsoleappender-1.3.0.jar:?]
		at net.minecraft.server.dedicated.DedicatedServer$1.run(DedicatedServer.java:107) ~[paper-1.19.2.jar:git-Paper-200]
[20:41:17] [Server thread/INFO]: Default game type: SURVIVAL
[20:41:17] [Server thread/INFO]: Generating keypair
[20:41:17] [Server thread/INFO]: Starting Minecraft server on *:25565
[20:41:17] [Server thread/INFO]: Using default channel type
[20:41:17] [Server thread/INFO]: Paper: Using Java compression from Velocity.
[20:41:17] [Server thread/INFO]: Paper: Using Java cipher from Velocity.
[20:41:18] [Server thread/INFO]: Preparing level "world"
[20:41:18] [Server thread/INFO]: ---- Migration of old nether folder required ----
[20:41:18] [Server thread/INFO]: Unfortunately due to the way that Minecraft implemented multiworld support in 1.6, Bukkit requires that you move your nether folder to a new location in order to operate correctly.
[20:41:18] [Server thread/INFO]: We will move this folder for you, but it will mean that you need to move it back should you wish to stop using Bukkit in the future.
[20:41:18] [Server thread/INFO]: Attempting to move world\DIM-1 to world_nether\DIM-1...
[20:41:18] [Server thread/INFO]: Success! To restore nether in the future, simply move world_nether\DIM-1 to world\DIM-1
[20:41:18] [Server thread/INFO]: ---- Migration of old nether folder complete ----
[20:41:19] [Server thread/INFO]: ---- Migration of old the_end folder required ----
[20:41:19] [Server thread/INFO]: Unfortunately due to the way that Minecraft implemented multiworld support in 1.6, Bukkit requires that you move your the_end folder to a new location in order to operate correctly.
[20:41:19] [Server thread/INFO]: We will move this folder for you, but it will mean that you need to move it back should you wish to stop using Bukkit in the future.
[20:41:19] [Server thread/INFO]: Attempting to move world\DIM1 to world_the_end\DIM1...
[20:41:19] [Server thread/INFO]: Success! To restore the_end in the future, simply move world_the_end\DIM1 to world\DIM1
[20:41:19] [Server thread/INFO]: ---- Migration of old the_end folder complete ----
[20:41:19] [Server thread/INFO]: Preparing start region for dimension minecraft:overworld
[20:41:19] [Server thread/INFO]: Time elapsed: 162 ms
[20:41:19] [Server thread/INFO]: Preparing start region for dimension minecraft:the_nether
[20:41:19] [Server thread/INFO]: Time elapsed: 37 ms
[20:41:19] [Server thread/INFO]: Preparing start region for dimension minecraft:the_end
[20:41:19] [Server thread/INFO]: Time elapsed: 28 ms
[20:41:19] [Server thread/INFO]: Running delayed init tasks
[20:41:19] [Server thread/INFO]: Done (2.823s)! For help, type "help"
[20:41:19] [Server thread/INFO]: Timings Reset
[20:41:34] [Server thread/INFO]: Stopping the server
[20:41:34] [Server thread/INFO]: Stopping server
[20:41:34] [Server thread/INFO]: Saving players
[20:41:34] [Server thread/INFO]: Saving worlds
[20:41:34] [Server thread/INFO]: Saving chunks for level 'ServerLevel[world]'/minecraft:overworld
[20:41:34] [Server thread/INFO]: [ChunkHolderManager] Waiting 60s for chunk system to halt for world 'world'
[20:41:34] [Server thread/INFO]: [ChunkHolderManager] Halted chunk system for world 'world'
[20:41:34] [Server thread/INFO]: [ChunkHolderManager] Saving all chunkholders for world 'world'
[20:41:38] [Server thread/INFO]: [ChunkHolderManager] Saved 9 chunks in world 'world' in 3s
[20:41:38] [Server thread/INFO]: ThreadedAnvilChunkStorage (world): All chunks are saved
[20:41:38] [Server thread/INFO]: Saving chunks for level 'ServerLevel[world_nether]'/minecraft:the_nether
[20:41:38] [Server thread/INFO]: [ChunkHolderManager] Waiting 60s for chunk system to halt for world 'world_nether'
[20:41:38] [Server thread/INFO]: [ChunkHolderManager] Halted chunk system for world 'world_nether'
[20:41:38] [Server thread/INFO]: [ChunkHolderManager] Saving all chunkholders for world 'world_nether'
[20:41:39] [Server thread/INFO]: [ChunkHolderManager] Saved 1238 chunks in world 'world_nether' in 1s
[20:41:40] [Server thread/INFO]: ThreadedAnvilChunkStorage (DIM-1): All chunks are saved
[20:41:40] [Server thread/INFO]: Saving chunks for level 'ServerLevel[world_the_end]'/minecraft:the_end
[20:41:40] [Server thread/INFO]: [ChunkHolderManager] Waiting 60s for chunk system to halt for world 'world_the_end'
[20:41:40] [Server thread/INFO]: [ChunkHolderManager] Halted chunk system for world 'world_the_end'
[20:41:40] [Server thread/INFO]: [ChunkHolderManager] Saving all chunkholders for world 'world_the_end'
[20:41:40] [Server thread/INFO]: [ChunkHolderManager] Saved 1957 chunks in world 'world_the_end' in 0s
[20:41:41] [Server thread/INFO]: ThreadedAnvilChunkStorage (DIM1): All chunks are saved
[20:41:41] [Server thread/INFO]: ThreadedAnvilChunkStorage: All dimensions are saved
[20:41:41] [Server thread/INFO]: Flushing Chunk IO
[20:41:41] [Server thread/INFO]: Closing Thread Pool
[20:41:41] [Server thread/INFO]: Closing Server
